<?xml version="1.0" encoding="UTF-8"?>
<testsuite name="VehicleServiceTest" tests="3" skipped="0" failures="0" errors="0" timestamp="2024-05-30T14:55:35" hostname="BR0C02H90PY0KPF" time="0.209">
  <properties/>
  <testcase name="should find vehicle by id()" classname="VehicleServiceTest" time="0.196"/>
  <testcase name="should return all vehicles for sale()" classname="VehicleServiceTest" time="0.007"/>
  <testcase name="should return all sold vehicles()" classname="VehicleServiceTest" time="0.004"/>
  <system-out><![CDATA[11:55:32.350 [Test worker] DEBUG org.springframework.test.context.BootstrapUtils - Instantiating CacheAwareContextLoaderDelegate from class [org.springframework.test.context.cache.DefaultCacheAwareContextLoaderDelegate]
11:55:32.354 [Test worker] DEBUG org.springframework.test.context.BootstrapUtils - Instantiating BootstrapContext using constructor [public org.springframework.test.context.support.DefaultBootstrapContext(java.lang.Class,org.springframework.test.context.CacheAwareContextLoaderDelegate)]
11:55:32.369 [Test worker] DEBUG org.springframework.test.context.BootstrapUtils - Instantiating TestContextBootstrapper for test class [VehicleServiceTest] from class [org.springframework.boot.test.context.SpringBootTestContextBootstrapper]
11:55:32.375 [Test worker] INFO org.springframework.boot.test.context.SpringBootTestContextBootstrapper - Neither @ContextConfiguration nor @ContextHierarchy found for test class [VehicleServiceTest], using SpringBootContextLoader
11:55:32.377 [Test worker] DEBUG org.springframework.test.context.support.AbstractContextLoader - Did not detect default resource location for test class [VehicleServiceTest]: class path resource [VehicleServiceTest-context.xml] does not exist
11:55:32.377 [Test worker] DEBUG org.springframework.test.context.support.AbstractContextLoader - Did not detect default resource location for test class [VehicleServiceTest]: class path resource [VehicleServiceTestContext.groovy] does not exist
11:55:32.377 [Test worker] INFO org.springframework.test.context.support.AbstractContextLoader - Could not detect default resource locations for test class [VehicleServiceTest]: no resource found for suffixes {-context.xml, Context.groovy}.
11:55:32.411 [Test worker] DEBUG org.springframework.test.context.support.ActiveProfilesUtils - Could not find an 'annotation declaring class' for annotation type [org.springframework.test.context.ActiveProfiles] and class [VehicleServiceTest]
11:55:32.468 [Test worker] DEBUG org.springframework.boot.test.context.SpringBootTestContextBootstrapper - @TestExecutionListeners is not present for class [VehicleServiceTest]: using defaults.
11:55:32.468 [Test worker] INFO org.springframework.boot.test.context.SpringBootTestContextBootstrapper - Loaded default TestExecutionListener class names from location [META-INF/spring.factories]: [org.springframework.boot.test.autoconfigure.restdocs.RestDocsTestExecutionListener, org.springframework.boot.test.autoconfigure.web.client.MockRestServiceServerResetTestExecutionListener, org.springframework.boot.test.autoconfigure.web.servlet.MockMvcPrintOnlyOnFailureTestExecutionListener, org.springframework.boot.test.autoconfigure.web.servlet.WebDriverTestExecutionListener, org.springframework.boot.test.autoconfigure.webservices.client.MockWebServiceServerTestExecutionListener, org.springframework.boot.test.mock.mockito.MockitoTestExecutionListener, org.springframework.boot.test.mock.mockito.ResetMocksTestExecutionListener, org.springframework.test.context.web.ServletTestExecutionListener, org.springframework.test.context.support.DirtiesContextBeforeModesTestExecutionListener, org.springframework.test.context.event.ApplicationEventsTestExecutionListener, org.springframework.test.context.support.DependencyInjectionTestExecutionListener, org.springframework.test.context.support.DirtiesContextTestExecutionListener, org.springframework.test.context.transaction.TransactionalTestExecutionListener, org.springframework.test.context.jdbc.SqlScriptsTestExecutionListener, org.springframework.test.context.event.EventPublishingTestExecutionListener]
11:55:32.475 [Test worker] INFO org.springframework.boot.test.context.SpringBootTestContextBootstrapper - Using TestExecutionListeners: [org.springframework.test.context.web.ServletTestExecutionListener@6c6c5427, org.springframework.test.context.support.DirtiesContextBeforeModesTestExecutionListener@618c5d94, org.springframework.test.context.event.ApplicationEventsTestExecutionListener@5b40ceb, org.springframework.boot.test.mock.mockito.MockitoTestExecutionListener@13c3c1e1, org.springframework.boot.test.autoconfigure.SpringBootDependencyInjectionTestExecutionListener@1d8062d2, org.springframework.test.context.support.DirtiesContextTestExecutionListener@1e63ec0b, org.springframework.test.context.transaction.TransactionalTestExecutionListener@3b956878, org.springframework.test.context.jdbc.SqlScriptsTestExecutionListener@36546a22, org.springframework.test.context.event.EventPublishingTestExecutionListener@285c08c8, org.springframework.boot.test.autoconfigure.restdocs.RestDocsTestExecutionListener@295eaa7c, org.springframework.boot.test.autoconfigure.web.client.MockRestServiceServerResetTestExecutionListener@3918c187, org.springframework.boot.test.autoconfigure.web.servlet.MockMvcPrintOnlyOnFailureTestExecutionListener@2c88b9fc, org.springframework.boot.test.autoconfigure.web.servlet.WebDriverTestExecutionListener@64dafeed, org.springframework.boot.test.autoconfigure.webservices.client.MockWebServiceServerTestExecutionListener@388ba540, org.springframework.boot.test.mock.mockito.ResetMocksTestExecutionListener@47605f2f]
11:55:32.477 [Test worker] DEBUG org.springframework.test.context.support.AbstractDirtiesContextTestExecutionListener - Before test class: context [DefaultTestContext@239b0f9d testClass = VehicleServiceTest, testInstance = [null], testMethod = [null], testException = [null], mergedContextConfiguration = [WebMergedContextConfiguration@619bfe29 testClass = VehicleServiceTest, locations = '{}', classes = '{class com.fiap.vehicle.VehiclesApplication}', contextInitializerClasses = '[]', activeProfiles = '{}', propertySourceLocations = '{}', propertySourceProperties = '{org.springframework.boot.test.context.SpringBootTestContextBootstrapper=true}', contextCustomizers = set[org.springframework.boot.test.autoconfigure.actuate.metrics.MetricsExportContextCustomizerFactory$DisableMetricExportContextCustomizer@598bd2ba, org.springframework.boot.test.autoconfigure.properties.PropertyMappingContextCustomizer@0, org.springframework.boot.test.autoconfigure.web.servlet.WebDriverContextCustomizerFactory$Customizer@4b40f651, org.springframework.boot.test.context.filter.ExcludeFilterContextCustomizer@466276d8, org.springframework.boot.test.json.DuplicateJsonObjectContextCustomizerFactory$DuplicateJsonObjectContextCustomizer@2b76ff4e, org.springframework.boot.test.mock.mockito.MockitoContextCustomizer@0, org.springframework.boot.test.web.client.TestRestTemplateContextCustomizer@34158c08, org.springframework.boot.test.context.SpringBootTestArgs@1, org.springframework.boot.test.context.SpringBootTestWebEnvironment@78ffe6dc], resourceBasePath = 'src/main/webapp', contextLoader = 'org.springframework.boot.test.context.SpringBootContextLoader', parent = [null]], attributes = map['org.springframework.test.context.web.ServletTestExecutionListener.activateListener' -> true]], class annotated with @DirtiesContext [false] with mode [null].
11:55:32.780 [Test worker] DEBUG io.mockk.impl.instantiation.AbstractMockFactory - Creating mockk for VehicleRepository name=#1

  .   ____          _            __ _ _
 /\\ / ___'_ __ _ _(_)_ __  __ _ \ \ \ \
( ( )\___ | '_ | '_| | '_ \/ _` | \ \ \ \
 \\/  ___)| |_)| | | | | || (_| |  ) ) ) )
  '  |____| .__|_| |_|_| |_\__, | / / / /
 =========|_|==============|___/=/_/_/_/
 :: Spring Boot ::                (v2.7.6)

2024-05-30 11:55:33.346  INFO 21056 --- [    Test worker] VehicleServiceTest                       : Starting VehicleServiceTest using Java 17.0.10 on BR0C02H90PY0KPF with PID 21056 (started by vinfsantos in /Users/vinfsantos/Desktop/Workspace/vehicles)
2024-05-30 11:55:33.347  INFO 21056 --- [    Test worker] VehicleServiceTest                       : No active profile set, falling back to 1 default profile: "default"
2024-05-30 11:55:33.656  INFO 21056 --- [    Test worker] .s.d.r.c.RepositoryConfigurationDelegate : Bootstrapping Spring Data JPA repositories in DEFAULT mode.
2024-05-30 11:55:33.684  INFO 21056 --- [    Test worker] .s.d.r.c.RepositoryConfigurationDelegate : Finished Spring Data repository scanning in 23 ms. Found 1 JPA repository interfaces.
2024-05-30 11:55:34.240  INFO 21056 --- [    Test worker] com.zaxxer.hikari.HikariDataSource       : HikariPool-1 - Starting...
2024-05-30 11:55:34.377  INFO 21056 --- [    Test worker] com.zaxxer.hikari.HikariDataSource       : HikariPool-1 - Start completed.
2024-05-30 11:55:34.420  INFO 21056 --- [    Test worker] o.hibernate.jpa.internal.util.LogHelper  : HHH000204: Processing PersistenceUnitInfo [name: default]
2024-05-30 11:55:34.486  INFO 21056 --- [    Test worker] org.hibernate.Version                    : HHH000412: Hibernate ORM core version 5.6.14.Final
2024-05-30 11:55:34.523  INFO 21056 --- [    Test worker] o.hibernate.annotations.common.Version   : HCANN000001: Hibernate Commons Annotations {5.1.2.Final}
2024-05-30 11:55:34.608  INFO 21056 --- [    Test worker] org.hibernate.dialect.Dialect            : HHH000400: Using dialect: org.hibernate.dialect.H2Dialect
2024-05-30 11:55:34.870  INFO 21056 --- [    Test worker] o.h.e.t.j.p.i.JtaPlatformInitiator       : HHH000490: Using JtaPlatform implementation: [org.hibernate.engine.transaction.jta.platform.internal.NoJtaPlatform]
2024-05-30 11:55:34.875  INFO 21056 --- [    Test worker] j.LocalContainerEntityManagerFactoryBean : Initialized JPA EntityManagerFactory for persistence unit 'default'
2024-05-30 11:55:35.360  INFO 21056 --- [    Test worker] o.s.s.web.DefaultSecurityFilterChain     : Will secure any request with [org.springframework.security.web.session.DisableEncodeUrlFilter@496004e3, org.springframework.security.web.context.request.async.WebAsyncManagerIntegrationFilter@df34b01, org.springframework.security.web.context.SecurityContextPersistenceFilter@344cf00f, org.springframework.security.web.header.HeaderWriterFilter@3ec52163, org.springframework.security.web.csrf.CsrfFilter@2c7607e5, org.springframework.security.web.authentication.logout.LogoutFilter@3d8b9dee, org.springframework.security.oauth2.server.resource.web.BearerTokenAuthenticationFilter@113e6e06, org.springframework.security.web.savedrequest.RequestCacheAwareFilter@67cd193d, org.springframework.security.web.servletapi.SecurityContextHolderAwareRequestFilter@34525143, org.springframework.security.web.authentication.AnonymousAuthenticationFilter@703947bd, org.springframework.security.web.session.SessionManagementFilter@46aea9f7, org.springframework.security.web.access.ExceptionTranslationFilter@6447dc25, org.springframework.security.web.access.intercept.FilterSecurityInterceptor@5abc488d]
2024-05-30 11:55:35.470  WARN 21056 --- [    Test worker] JpaBaseConfiguration$JpaWebConfiguration : spring.jpa.open-in-view is enabled by default. Therefore, database queries may be performed during view rendering. Explicitly configure spring.jpa.open-in-view to disable this warning
2024-05-30 11:55:35.603  INFO 21056 --- [    Test worker] o.s.b.a.h2.H2ConsoleAutoConfiguration    : H2 console available at '/h2-console'. Database available at 'jdbc:h2:mem:testdb'
2024-05-30 11:55:35.736  INFO 21056 --- [    Test worker] VehicleServiceTest                       : Started VehicleServiceTest in 2.711 seconds (JVM running for 3.74)
]]></system-out>
  <system-err><![CDATA[]]></system-err>
</testsuite>
