<?xml version="1.0" encoding="UTF-8"?>
<testsuite name="com.fiap.vehicle.VehiclesApplicationTests" tests="1" skipped="0" failures="0" errors="0" timestamp="2024-05-30T14:55:35" hostname="BR0C02H90PY0KPF" time="0.002">
  <properties/>
  <testcase name="contextLoads()" classname="com.fiap.vehicle.VehiclesApplicationTests" time="0.002"/>
  <system-out><![CDATA[2024-05-30 11:55:35.960  INFO 21056 --- [    Test worker] .b.t.c.SpringBootTestContextBootstrapper : Neither @ContextConfiguration nor @ContextHierarchy found for test class [com.fiap.vehicle.VehiclesApplicationTests], using SpringBootContextLoader
2024-05-30 11:55:35.961  INFO 21056 --- [    Test worker] o.s.t.c.support.AbstractContextLoader    : Could not detect default resource locations for test class [com.fiap.vehicle.VehiclesApplicationTests]: no resource found for suffixes {-context.xml, Context.groovy}.
2024-05-30 11:55:35.961  INFO 21056 --- [    Test worker] t.c.s.AnnotationConfigContextLoaderUtils : Could not detect default configuration classes for test class [com.fiap.vehicle.VehiclesApplicationTests]: VehiclesApplicationTests does not declare any static, non-private, non-final, nested classes annotated with @Configuration.
2024-05-30 11:55:35.965  INFO 21056 --- [    Test worker] .b.t.c.SpringBootTestContextBootstrapper : Found @SpringBootConfiguration com.fiap.vehicle.VehiclesApplication for test class com.fiap.vehicle.VehiclesApplicationTests
2024-05-30 11:55:35.966  INFO 21056 --- [    Test worker] .b.t.c.SpringBootTestContextBootstrapper : Loaded default TestExecutionListener class names from location [META-INF/spring.factories]: [org.springframework.boot.test.autoconfigure.restdocs.RestDocsTestExecutionListener, org.springframework.boot.test.autoconfigure.web.client.MockRestServiceServerResetTestExecutionListener, org.springframework.boot.test.autoconfigure.web.servlet.MockMvcPrintOnlyOnFailureTestExecutionListener, org.springframework.boot.test.autoconfigure.web.servlet.WebDriverTestExecutionListener, org.springframework.boot.test.autoconfigure.webservices.client.MockWebServiceServerTestExecutionListener, org.springframework.boot.test.mock.mockito.MockitoTestExecutionListener, org.springframework.boot.test.mock.mockito.ResetMocksTestExecutionListener, org.springframework.test.context.web.ServletTestExecutionListener, org.springframework.test.context.support.DirtiesContextBeforeModesTestExecutionListener, org.springframework.test.context.event.ApplicationEventsTestExecutionListener, org.springframework.test.context.support.DependencyInjectionTestExecutionListener, org.springframework.test.context.support.DirtiesContextTestExecutionListener, org.springframework.test.context.transaction.TransactionalTestExecutionListener, org.springframework.test.context.jdbc.SqlScriptsTestExecutionListener, org.springframework.test.context.event.EventPublishingTestExecutionListener]
2024-05-30 11:55:35.967  INFO 21056 --- [    Test worker] .b.t.c.SpringBootTestContextBootstrapper : Using TestExecutionListeners: [org.springframework.test.context.web.ServletTestExecutionListener@65145fb7, org.springframework.test.context.support.DirtiesContextBeforeModesTestExecutionListener@651bec9a, org.springframework.test.context.event.ApplicationEventsTestExecutionListener@76d4e1af, org.springframework.boot.test.mock.mockito.MockitoTestExecutionListener@483f19c0, org.springframework.boot.test.autoconfigure.SpringBootDependencyInjectionTestExecutionListener@f111e97, org.springframework.test.context.support.DirtiesContextTestExecutionListener@35d44cd3, org.springframework.test.context.transaction.TransactionalTestExecutionListener@64dc0a5f, org.springframework.test.context.jdbc.SqlScriptsTestExecutionListener@549dfe1d, org.springframework.test.context.event.EventPublishingTestExecutionListener@537fb7bf, org.springframework.boot.test.autoconfigure.restdocs.RestDocsTestExecutionListener@445adbd7, org.springframework.boot.test.autoconfigure.web.client.MockRestServiceServerResetTestExecutionListener@40d0bff1, org.springframework.boot.test.autoconfigure.web.servlet.MockMvcPrintOnlyOnFailureTestExecutionListener@7b06dce0, org.springframework.boot.test.autoconfigure.web.servlet.WebDriverTestExecutionListener@556a5e70, org.springframework.boot.test.autoconfigure.webservices.client.MockWebServiceServerTestExecutionListener@47fca369, org.springframework.boot.test.mock.mockito.ResetMocksTestExecutionListener@296a350]
]]></system-out>
  <system-err><![CDATA[]]></system-err>
</testsuite>
